Connecting to database specified by database.yml


Started GET "/assets/rails.png" for 10.0.2.2 at 2013-03-17 17:16:53 +0000
Connecting to database specified by database.yml
Served asset /rails.png - 304 Not Modified (153ms)


Started GET "/users" for 10.0.2.2 at 2013-03-17 17:17:07 +0000

ActionController::RoutingError (No route matches [GET] "/users"):
  actionpack (3.2.12) lib/action_dispatch/middleware/debug_exceptions.rb:21:in `call'
  actionpack (3.2.12) lib/action_dispatch/middleware/show_exceptions.rb:56:in `call'
  railties (3.2.12) lib/rails/rack/logger.rb:32:in `call_app'
  railties (3.2.12) lib/rails/rack/logger.rb:16:in `block in call'
  activesupport (3.2.12) lib/active_support/tagged_logging.rb:22:in `tagged'
  railties (3.2.12) lib/rails/rack/logger.rb:16:in `call'
  actionpack (3.2.12) lib/action_dispatch/middleware/request_id.rb:22:in `call'
  rack (1.4.5) lib/rack/methodoverride.rb:21:in `call'
  rack (1.4.5) lib/rack/runtime.rb:17:in `call'
  activesupport (3.2.12) lib/active_support/cache/strategy/local_cache.rb:72:in `call'
  rack (1.4.5) lib/rack/lock.rb:15:in `call'
  actionpack (3.2.12) lib/action_dispatch/middleware/static.rb:62:in `call'
  railties (3.2.12) lib/rails/engine.rb:479:in `call'
  railties (3.2.12) lib/rails/application.rb:223:in `call'
  rack (1.4.5) lib/rack/content_length.rb:14:in `call'
  railties (3.2.12) lib/rails/rack/log_tailer.rb:17:in `call'
  rack (1.4.5) lib/rack/handler/webrick.rb:59:in `service'
  /home/iradiel/.rvm/rubies/ruby-1.9.3-p385/lib/ruby/1.9.1/webrick/httpserver.rb:138:in `service'
  /home/iradiel/.rvm/rubies/ruby-1.9.3-p385/lib/ruby/1.9.1/webrick/httpserver.rb:94:in `run'
  /home/iradiel/.rvm/rubies/ruby-1.9.3-p385/lib/ruby/1.9.1/webrick/server.rb:191:in `block in start_thread'


  Rendered /home/iradiel/.rvm/gems/ruby-1.9.3-p385/gems/actionpack-3.2.12/lib/action_dispatch/middleware/templates/rescues/routing_error.erb within rescues/layout (17.9ms)


Started GET "/assets/rails.png" for 10.0.2.2 at 2013-03-17 17:17:14 +0000
Served asset /rails.png - 304 Not Modified (1ms)


Started GET "/home" for 10.0.2.2 at 2013-03-17 17:17:18 +0000

ActionController::RoutingError (No route matches [GET] "/home"):
  actionpack (3.2.12) lib/action_dispatch/middleware/debug_exceptions.rb:21:in `call'
  actionpack (3.2.12) lib/action_dispatch/middleware/show_exceptions.rb:56:in `call'
  railties (3.2.12) lib/rails/rack/logger.rb:32:in `call_app'
  railties (3.2.12) lib/rails/rack/logger.rb:16:in `block in call'
  activesupport (3.2.12) lib/active_support/tagged_logging.rb:22:in `tagged'
  railties (3.2.12) lib/rails/rack/logger.rb:16:in `call'
  actionpack (3.2.12) lib/action_dispatch/middleware/request_id.rb:22:in `call'
  rack (1.4.5) lib/rack/methodoverride.rb:21:in `call'
  rack (1.4.5) lib/rack/runtime.rb:17:in `call'
  activesupport (3.2.12) lib/active_support/cache/strategy/local_cache.rb:72:in `call'
  rack (1.4.5) lib/rack/lock.rb:15:in `call'
  actionpack (3.2.12) lib/action_dispatch/middleware/static.rb:62:in `call'
  railties (3.2.12) lib/rails/engine.rb:479:in `call'
  railties (3.2.12) lib/rails/application.rb:223:in `call'
  rack (1.4.5) lib/rack/content_length.rb:14:in `call'
  railties (3.2.12) lib/rails/rack/log_tailer.rb:17:in `call'
  rack (1.4.5) lib/rack/handler/webrick.rb:59:in `service'
  /home/iradiel/.rvm/rubies/ruby-1.9.3-p385/lib/ruby/1.9.1/webrick/httpserver.rb:138:in `service'
  /home/iradiel/.rvm/rubies/ruby-1.9.3-p385/lib/ruby/1.9.1/webrick/httpserver.rb:94:in `run'
  /home/iradiel/.rvm/rubies/ruby-1.9.3-p385/lib/ruby/1.9.1/webrick/server.rb:191:in `block in start_thread'


  Rendered /home/iradiel/.rvm/gems/ruby-1.9.3-p385/gems/actionpack-3.2.12/lib/action_dispatch/middleware/templates/rescues/routing_error.erb within rescues/layout (0.5ms)


Started GET "/static_pages/about" for 10.0.2.2 at 2013-03-17 17:17:58 +0000
Processing by StaticPagesController#about as HTML
  Rendered static_pages/about.html.erb (0.5ms)
Completed 200 OK in 119ms (Views: 118.3ms | ActiveRecord: 0.0ms)


Started GET "/static_pages/about" for 10.0.2.2 at 2013-03-17 17:18:10 +0000
Processing by StaticPagesController#about as HTML
  Rendered static_pages/about.html.erb (0.1ms)
Completed 200 OK in 97ms (Views: 96.3ms | ActiveRecord: 0.0ms)


Started GET "/static_pages/home" for 10.0.2.2 at 2013-03-17 17:18:32 +0000
Processing by StaticPagesController#home as HTML
  Rendered static_pages/home.html.erb (0.6ms)
Completed 200 OK in 143ms (Views: 141.9ms | ActiveRecord: 0.0ms)


Started GET "/static_pages/users" for 10.0.2.2 at 2013-03-17 17:18:50 +0000

ActionController::RoutingError (No route matches [GET] "/static_pages/users"):
  actionpack (3.2.12) lib/action_dispatch/middleware/debug_exceptions.rb:21:in `call'
  actionpack (3.2.12) lib/action_dispatch/middleware/show_exceptions.rb:56:in `call'
  railties (3.2.12) lib/rails/rack/logger.rb:32:in `call_app'
  railties (3.2.12) lib/rails/rack/logger.rb:16:in `block in call'
  activesupport (3.2.12) lib/active_support/tagged_logging.rb:22:in `tagged'
  railties (3.2.12) lib/rails/rack/logger.rb:16:in `call'
  actionpack (3.2.12) lib/action_dispatch/middleware/request_id.rb:22:in `call'
  rack (1.4.5) lib/rack/methodoverride.rb:21:in `call'
  rack (1.4.5) lib/rack/runtime.rb:17:in `call'
  activesupport (3.2.12) lib/active_support/cache/strategy/local_cache.rb:72:in `call'
  rack (1.4.5) lib/rack/lock.rb:15:in `call'
  actionpack (3.2.12) lib/action_dispatch/middleware/static.rb:62:in `call'
  railties (3.2.12) lib/rails/engine.rb:479:in `call'
  railties (3.2.12) lib/rails/application.rb:223:in `call'
  rack (1.4.5) lib/rack/content_length.rb:14:in `call'
  railties (3.2.12) lib/rails/rack/log_tailer.rb:17:in `call'
  rack (1.4.5) lib/rack/handler/webrick.rb:59:in `service'
  /home/iradiel/.rvm/rubies/ruby-1.9.3-p385/lib/ruby/1.9.1/webrick/httpserver.rb:138:in `service'
  /home/iradiel/.rvm/rubies/ruby-1.9.3-p385/lib/ruby/1.9.1/webrick/httpserver.rb:94:in `run'
  /home/iradiel/.rvm/rubies/ruby-1.9.3-p385/lib/ruby/1.9.1/webrick/server.rb:191:in `block in start_thread'


  Rendered /home/iradiel/.rvm/gems/ruby-1.9.3-p385/gems/actionpack-3.2.12/lib/action_dispatch/middleware/templates/rescues/routing_error.erb within rescues/layout (0.9ms)


Started GET "/microposts" for 10.0.2.2 at 2013-03-17 17:18:58 +0000

ActionController::RoutingError (No route matches [GET] "/microposts"):
  actionpack (3.2.12) lib/action_dispatch/middleware/debug_exceptions.rb:21:in `call'
  actionpack (3.2.12) lib/action_dispatch/middleware/show_exceptions.rb:56:in `call'
  railties (3.2.12) lib/rails/rack/logger.rb:32:in `call_app'
  railties (3.2.12) lib/rails/rack/logger.rb:16:in `block in call'
  activesupport (3.2.12) lib/active_support/tagged_logging.rb:22:in `tagged'
  railties (3.2.12) lib/rails/rack/logger.rb:16:in `call'
  actionpack (3.2.12) lib/action_dispatch/middleware/request_id.rb:22:in `call'
  rack (1.4.5) lib/rack/methodoverride.rb:21:in `call'
  rack (1.4.5) lib/rack/runtime.rb:17:in `call'
  activesupport (3.2.12) lib/active_support/cache/strategy/local_cache.rb:72:in `call'
  rack (1.4.5) lib/rack/lock.rb:15:in `call'
  actionpack (3.2.12) lib/action_dispatch/middleware/static.rb:62:in `call'
  railties (3.2.12) lib/rails/engine.rb:479:in `call'
  railties (3.2.12) lib/rails/application.rb:223:in `call'
  rack (1.4.5) lib/rack/content_length.rb:14:in `call'
  railties (3.2.12) lib/rails/rack/log_tailer.rb:17:in `call'
  rack (1.4.5) lib/rack/handler/webrick.rb:59:in `service'
  /home/iradiel/.rvm/rubies/ruby-1.9.3-p385/lib/ruby/1.9.1/webrick/httpserver.rb:138:in `service'
  /home/iradiel/.rvm/rubies/ruby-1.9.3-p385/lib/ruby/1.9.1/webrick/httpserver.rb:94:in `run'
  /home/iradiel/.rvm/rubies/ruby-1.9.3-p385/lib/ruby/1.9.1/webrick/server.rb:191:in `block in start_thread'


  Rendered /home/iradiel/.rvm/gems/ruby-1.9.3-p385/gems/actionpack-3.2.12/lib/action_dispatch/middleware/templates/rescues/routing_error.erb within rescues/layout (1.7ms)


Started GET "/static_pages/home" for 10.0.2.2 at 2013-03-17 17:19:17 +0000
Processing by StaticPagesController#home as HTML
  Rendered static_pages/home.html.erb (0.1ms)
Completed 200 OK in 112ms (Views: 111.5ms | ActiveRecord: 0.0ms)


Started GET "/assets/rails.png" for 10.0.2.2 at 2013-04-09 12:43:12 +0100
Connecting to database specified by database.yml
Served asset /rails.png - 200 OK (17ms)


Started GET "/home" for 10.0.2.2 at 2013-04-09 12:43:18 +0100

ActionController::RoutingError (No route matches [GET] "/home"):
  actionpack (3.2.12) lib/action_dispatch/middleware/debug_exceptions.rb:21:in `call'
  actionpack (3.2.12) lib/action_dispatch/middleware/show_exceptions.rb:56:in `call'
  railties (3.2.12) lib/rails/rack/logger.rb:32:in `call_app'
  railties (3.2.12) lib/rails/rack/logger.rb:16:in `block in call'
  activesupport (3.2.12) lib/active_support/tagged_logging.rb:22:in `tagged'
  railties (3.2.12) lib/rails/rack/logger.rb:16:in `call'
  actionpack (3.2.12) lib/action_dispatch/middleware/request_id.rb:22:in `call'
  rack (1.4.5) lib/rack/methodoverride.rb:21:in `call'
  rack (1.4.5) lib/rack/runtime.rb:17:in `call'
  activesupport (3.2.12) lib/active_support/cache/strategy/local_cache.rb:72:in `call'
  rack (1.4.5) lib/rack/lock.rb:15:in `call'
  actionpack (3.2.12) lib/action_dispatch/middleware/static.rb:62:in `call'
  railties (3.2.12) lib/rails/engine.rb:479:in `call'
  railties (3.2.12) lib/rails/application.rb:223:in `call'
  rack (1.4.5) lib/rack/content_length.rb:14:in `call'
  railties (3.2.12) lib/rails/rack/log_tailer.rb:17:in `call'
  rack (1.4.5) lib/rack/handler/webrick.rb:59:in `service'
  /home/iradiel/.rvm/rubies/ruby-1.9.3-p385/lib/ruby/1.9.1/webrick/httpserver.rb:138:in `service'
  /home/iradiel/.rvm/rubies/ruby-1.9.3-p385/lib/ruby/1.9.1/webrick/httpserver.rb:94:in `run'
  /home/iradiel/.rvm/rubies/ruby-1.9.3-p385/lib/ruby/1.9.1/webrick/server.rb:191:in `block in start_thread'


  Rendered /home/iradiel/.rvm/gems/ruby-1.9.3-p385/gems/actionpack-3.2.12/lib/action_dispatch/middleware/templates/rescues/routing_error.erb within rescues/layout (18.4ms)


Started GET "/static_pages/home" for 10.0.2.2 at 2013-04-09 12:43:28 +0100
Processing by StaticPagesController#home as HTML
  Rendered static_pages/home.html.erb within layouts/application (1.7ms)
Compiled static_pages.css  (149ms)  (pid 1437)
Compiled application.css  (349ms)  (pid 1437)
Compiled jquery.js  (4ms)  (pid 1437)
Compiled jquery_ujs.js  (0ms)  (pid 1437)
Compiled static_pages.js  (1270ms)  (pid 1437)
Compiled application.js  (1913ms)  (pid 1437)
Completed 200 OK in 3266ms (Views: 3265.2ms | ActiveRecord: 0.0ms)


Started GET "/assets/static_pages.css?body=1" for 10.0.2.2 at 2013-04-09 12:43:32 +0100
Served asset /static_pages.css - 200 OK (25ms)


Started GET "/assets/application.css?body=1" for 10.0.2.2 at 2013-04-09 12:43:32 +0100
Served asset /application.css - 200 OK (48ms)


Started GET "/assets/jquery.js?body=1" for 10.0.2.2 at 2013-04-09 12:43:32 +0100
Served asset /jquery.js - 200 OK (84ms)


Started GET "/assets/application.js?body=1" for 10.0.2.2 at 2013-04-09 12:43:32 +0100
Served asset /application.js - 200 OK (133ms)


Started GET "/assets/jquery_ujs.js?body=1" for 10.0.2.2 at 2013-04-09 12:43:32 +0100
Served asset /jquery_ujs.js - 200 OK (25ms)


Started GET "/assets/static_pages.js?body=1" for 10.0.2.2 at 2013-04-09 12:43:33 +0100
Served asset /static_pages.js - 200 OK (22ms)


Started GET "/static_pages/home" for 10.0.2.2 at 2013-04-09 12:46:09 +0100
Connecting to database specified by database.yml
Processing by StaticPagesController#home as HTML
  Rendered static_pages/home.html.erb within layouts/application (20.1ms)
Compiled custom.css  (3254ms)  (pid 1488)
Compiled application.css  (3435ms)  (pid 1488)
Completed 200 OK in 4204ms (Views: 4203.8ms | ActiveRecord: 0.0ms)


Started GET "/assets/custom.css?body=1" for 10.0.2.2 at 2013-04-09 12:46:15 +0100
Served asset /custom.css - 200 OK (46ms)


Started GET "/static_pages/home" for 10.0.2.2 at 2013-04-09 12:52:51 +0100
Connecting to database specified by database.yml
Processing by StaticPagesController#home as HTML
  Rendered static_pages/home.html.erb within layouts/application (14.2ms)
Compiled custom.css  (1595ms)  (pid 1499)
Compiled application.css  (5ms)  (pid 1499)
Completed 200 OK in 2580ms (Views: 2579.4ms | ActiveRecord: 0.0ms)


Started GET "/assets/application.css?body=1" for 10.0.2.2 at 2013-04-09 12:52:56 +0100
Served asset /application.css - 304 Not Modified (93ms)


Started GET "/assets/custom.css?body=1" for 10.0.2.2 at 2013-04-09 12:52:56 +0100
Served asset /custom.css - 200 OK (128ms)


Started GET "/assets/static_pages.css?body=1" for 10.0.2.2 at 2013-04-09 12:52:56 +0100
Served asset /static_pages.css - 304 Not Modified (39ms)


Started GET "/assets/jquery_ujs.js?body=1" for 10.0.2.2 at 2013-04-09 12:52:56 +0100
Served asset /jquery_ujs.js - 304 Not Modified (30ms)


Started GET "/assets/jquery.js?body=1" for 10.0.2.2 at 2013-04-09 12:52:56 +0100
Served asset /jquery.js - 304 Not Modified (35ms)


Started GET "/assets/static_pages.js?body=1" for 10.0.2.2 at 2013-04-09 12:52:56 +0100
Served asset /static_pages.js - 304 Not Modified (24ms)


Started GET "/assets/application.js?body=1" for 10.0.2.2 at 2013-04-09 12:52:56 +0100
Served asset /application.js - 304 Not Modified (60ms)


Started GET "/assets/rails.png" for 10.0.2.2 at 2013-04-09 12:52:57 +0100
Served asset /rails.png - 304 Not Modified (15ms)


Started GET "/static_pages/home" for 10.0.2.2 at 2013-04-09 13:05:18 +0100
Connecting to database specified by database.yml
Processing by StaticPagesController#home as HTML
  Rendered static_pages/home.html.erb within layouts/application (16.1ms)
Compiled custom.css  (1659ms)  (pid 1673)
Compiled application.css  (6ms)  (pid 1673)
  Rendered layouts/_shim.html.erb (0.5ms)
  Rendered layouts/_header.html.erb (0.8ms)
  Rendered layouts/_footer.html.erb (0.7ms)
Completed 200 OK in 2718ms (Views: 2717.6ms | ActiveRecord: 0.0ms)


Started GET "/assets/custom.css?body=1" for 10.0.2.2 at 2013-04-09 13:05:22 +0100
Served asset /custom.css - 200 OK (77ms)


Started GET "/assets/jquery_ujs.js?body=1" for 10.0.2.2 at 2013-04-09 13:05:23 +0100
Served asset /jquery_ujs.js - 304 Not Modified (48ms)


Started GET "/assets/static_pages.css?body=1" for 10.0.2.2 at 2013-04-09 13:05:23 +0100
Served asset /static_pages.css - 304 Not Modified (26ms)


Started GET "/assets/jquery.js?body=1" for 10.0.2.2 at 2013-04-09 13:05:23 +0100
Served asset /jquery.js - 304 Not Modified (38ms)


Started GET "/assets/static_pages.js?body=1" for 10.0.2.2 at 2013-04-09 13:05:23 +0100
Served asset /static_pages.js - 304 Not Modified (23ms)


Started GET "/assets/application.css?body=1" for 10.0.2.2 at 2013-04-09 13:05:23 +0100
Served asset /application.css - 304 Not Modified (106ms)


Started GET "/assets/application.js?body=1" for 10.0.2.2 at 2013-04-09 13:05:23 +0100
Served asset /application.js - 304 Not Modified (70ms)


Started GET "/assets/rails.png" for 10.0.2.2 at 2013-04-09 13:05:24 +0100
Served asset /rails.png - 304 Not Modified (15ms)


Started GET "/" for 10.0.2.2 at 2013-04-09 13:41:55 +0100
Connecting to database specified by database.yml
Processing by StaticPagesController#home as HTML
  Rendered static_pages/home.html.erb within layouts/application (14.6ms)
Compiled custom.css  (1607ms)  (pid 1936)
Compiled application.css  (5ms)  (pid 1936)
  Rendered layouts/_shim.html.erb (0.5ms)
  Rendered layouts/_header.html.erb (2.1ms)
  Rendered layouts/_footer.html.erb (1.4ms)
Completed 200 OK in 2726ms (Views: 2725.9ms | ActiveRecord: 0.0ms)


Started GET "/assets/jquery_ujs.js?body=1" for 10.0.2.2 at 2013-04-09 13:42:00 +0100
Served asset /jquery_ujs.js - 304 Not Modified (31ms)


Started GET "/assets/custom.css?body=1" for 10.0.2.2 at 2013-04-09 13:42:00 +0100
Served asset /custom.css - 200 OK (53ms)


Started GET "/assets/static_pages.js?body=1" for 10.0.2.2 at 2013-04-09 13:42:00 +0100
Served asset /static_pages.js - 304 Not Modified (51ms)


Started GET "/assets/static_pages.css?body=1" for 10.0.2.2 at 2013-04-09 13:42:00 +0100
Served asset /static_pages.css - 304 Not Modified (26ms)


Started GET "/assets/application.css?body=1" for 10.0.2.2 at 2013-04-09 13:42:00 +0100
Served asset /application.css - 304 Not Modified (114ms)


Started GET "/assets/jquery.js?body=1" for 10.0.2.2 at 2013-04-09 13:42:00 +0100
Served asset /jquery.js - 304 Not Modified (35ms)


Started GET "/assets/application.js?body=1" for 10.0.2.2 at 2013-04-09 13:42:00 +0100
Served asset /application.js - 304 Not Modified (74ms)


Started GET "/assets/rails.png" for 10.0.2.2 at 2013-04-09 13:42:01 +0100
Served asset /rails.png - 304 Not Modified (16ms)


Started GET "/" for 10.0.2.2 at 2013-04-09 13:45:30 +0100
Connecting to database specified by database.yml
Processing by StaticPagesController#home as HTML
  Rendered static_pages/home.html.erb within layouts/application (13.5ms)
  Rendered layouts/_shim.html.erb (0.5ms)
  Rendered layouts/_header.html.erb (1.6ms)
  Rendered layouts/_footer.html.erb (1.2ms)
Completed 200 OK in 595ms (Views: 594.2ms | ActiveRecord: 0.0ms)


Started GET "/assets/application.css?body=1" for 10.0.2.2 at 2013-04-09 13:45:32 +0100
Served asset /application.css - 304 Not Modified (143ms)


Started GET "/assets/custom.css?body=1" for 10.0.2.2 at 2013-04-09 13:45:32 +0100
Served asset /custom.css - 304 Not Modified (48ms)


Started GET "/assets/jquery.js?body=1" for 10.0.2.2 at 2013-04-09 13:45:33 +0100
Served asset /jquery.js - 304 Not Modified (48ms)


Started GET "/assets/static_pages.css?body=1" for 10.0.2.2 at 2013-04-09 13:45:33 +0100
Served asset /static_pages.css - 304 Not Modified (26ms)


Started GET "/assets/jquery_ujs.js?body=1" for 10.0.2.2 at 2013-04-09 13:45:33 +0100
Served asset /jquery_ujs.js - 304 Not Modified (32ms)


Started GET "/assets/static_pages.js?body=1" for 10.0.2.2 at 2013-04-09 13:45:33 +0100
Served asset /static_pages.js - 304 Not Modified (30ms)


Started GET "/assets/application.js?body=1" for 10.0.2.2 at 2013-04-09 13:45:33 +0100
Served asset /application.js - 304 Not Modified (67ms)


Started GET "/assets/rails.png" for 10.0.2.2 at 2013-04-09 13:45:34 +0100
Served asset /rails.png - 304 Not Modified (17ms)


Started GET "/about" for 10.0.2.2 at 2013-04-09 13:45:37 +0100
Processing by StaticPagesController#about as HTML
  Rendered static_pages/about.html.erb within layouts/application (0.9ms)
  Rendered layouts/_shim.html.erb (0.1ms)
  Rendered layouts/_header.html.erb (1.7ms)
  Rendered layouts/_footer.html.erb (0.6ms)
Completed 200 OK in 335ms (Views: 334.3ms | ActiveRecord: 0.0ms)


Started GET "/assets/static_pages.css?body=1" for 10.0.2.2 at 2013-04-09 13:45:38 +0100
Served asset /static_pages.css - 304 Not Modified (12ms)


Started GET "/assets/custom.css?body=1" for 10.0.2.2 at 2013-04-09 13:45:38 +0100
Served asset /custom.css - 304 Not Modified (20ms)


Started GET "/assets/application.css?body=1" for 10.0.2.2 at 2013-04-09 13:45:38 +0100
Served asset /application.css - 304 Not Modified (40ms)


Started GET "/assets/jquery.js?body=1" for 10.0.2.2 at 2013-04-09 13:45:38 +0100
Served asset /jquery.js - 304 Not Modified (6ms)


Started GET "/assets/jquery_ujs.js?body=1" for 10.0.2.2 at 2013-04-09 13:45:38 +0100
Served asset /jquery_ujs.js - 304 Not Modified (4ms)


Started GET "/assets/static_pages.js?body=1" for 10.0.2.2 at 2013-04-09 13:45:38 +0100
Served asset /static_pages.js - 304 Not Modified (16ms)


Started GET "/assets/application.js?body=1" for 10.0.2.2 at 2013-04-09 13:45:38 +0100
Served asset /application.js - 304 Not Modified (22ms)


Started GET "/home" for 10.0.2.2 at 2013-04-09 13:45:44 +0100

ActionController::RoutingError (No route matches [GET] "/home"):
  actionpack (3.2.12) lib/action_dispatch/middleware/debug_exceptions.rb:21:in `call'
  actionpack (3.2.12) lib/action_dispatch/middleware/show_exceptions.rb:56:in `call'
  railties (3.2.12) lib/rails/rack/logger.rb:32:in `call_app'
  railties (3.2.12) lib/rails/rack/logger.rb:16:in `block in call'
  activesupport (3.2.12) lib/active_support/tagged_logging.rb:22:in `tagged'
  railties (3.2.12) lib/rails/rack/logger.rb:16:in `call'
  actionpack (3.2.12) lib/action_dispatch/middleware/request_id.rb:22:in `call'
  rack (1.4.5) lib/rack/methodoverride.rb:21:in `call'
  rack (1.4.5) lib/rack/runtime.rb:17:in `call'
  activesupport (3.2.12) lib/active_support/cache/strategy/local_cache.rb:72:in `call'
  rack (1.4.5) lib/rack/lock.rb:15:in `call'
  actionpack (3.2.12) lib/action_dispatch/middleware/static.rb:62:in `call'
  railties (3.2.12) lib/rails/engine.rb:479:in `call'
  railties (3.2.12) lib/rails/application.rb:223:in `call'
  rack (1.4.5) lib/rack/content_length.rb:14:in `call'
  railties (3.2.12) lib/rails/rack/log_tailer.rb:17:in `call'
  rack (1.4.5) lib/rack/handler/webrick.rb:59:in `service'
  /home/iradiel/.rvm/rubies/ruby-1.9.3-p385/lib/ruby/1.9.1/webrick/httpserver.rb:138:in `service'
  /home/iradiel/.rvm/rubies/ruby-1.9.3-p385/lib/ruby/1.9.1/webrick/httpserver.rb:94:in `run'
  /home/iradiel/.rvm/rubies/ruby-1.9.3-p385/lib/ruby/1.9.1/webrick/server.rb:191:in `block in start_thread'


  Rendered /home/iradiel/.rvm/gems/ruby-1.9.3-p385/gems/actionpack-3.2.12/lib/action_dispatch/middleware/templates/rescues/routing_error.erb within rescues/layout (0.7ms)


Started GET "/" for 10.0.2.2 at 2013-04-09 13:45:52 +0100
Processing by StaticPagesController#home as HTML
  Rendered static_pages/home.html.erb within layouts/application (0.4ms)
  Rendered layouts/_shim.html.erb (0.1ms)
  Rendered layouts/_header.html.erb (1.0ms)
  Rendered layouts/_footer.html.erb (0.5ms)
Completed 200 OK in 327ms (Views: 326.9ms | ActiveRecord: 0.0ms)


Started GET "/assets/application.css?body=1" for 10.0.2.2 at 2013-04-09 13:45:52 +0100
Served asset /application.css - 304 Not Modified (50ms)


Started GET "/assets/custom.css?body=1" for 10.0.2.2 at 2013-04-09 13:45:53 +0100
Served asset /custom.css - 304 Not Modified (18ms)


Started GET "/assets/static_pages.css?body=1" for 10.0.2.2 at 2013-04-09 13:45:53 +0100
Served asset /static_pages.css - 304 Not Modified (11ms)


Started GET "/assets/jquery_ujs.js?body=1" for 10.0.2.2 at 2013-04-09 13:45:53 +0100
Served asset /jquery_ujs.js - 304 Not Modified (2ms)


Started GET "/assets/jquery.js?body=1" for 10.0.2.2 at 2013-04-09 13:45:53 +0100
Served asset /jquery.js - 304 Not Modified (4ms)


Started GET "/assets/static_pages.js?body=1" for 10.0.2.2 at 2013-04-09 13:45:53 +0100
Served asset /static_pages.js - 304 Not Modified (11ms)


Started GET "/assets/application.js?body=1" for 10.0.2.2 at 2013-04-09 13:45:53 +0100
Served asset /application.js - 304 Not Modified (27ms)


Started GET "/assets/rails.png" for 10.0.2.2 at 2013-04-09 13:45:53 +0100
Served asset /rails.png - 304 Not Modified (7ms)


Started GET "/about" for 10.0.2.2 at 2013-04-09 13:45:56 +0100
Processing by StaticPagesController#about as HTML
  Rendered static_pages/about.html.erb within layouts/application (0.1ms)
  Rendered layouts/_shim.html.erb (0.0ms)
  Rendered layouts/_header.html.erb (0.9ms)
  Rendered layouts/_footer.html.erb (0.5ms)
Completed 200 OK in 289ms (Views: 288.3ms | ActiveRecord: 0.0ms)


Started GET "/assets/application.css?body=1" for 10.0.2.2 at 2013-04-09 13:45:57 +0100
Served asset /application.css - 304 Not Modified (75ms)


Started GET "/assets/custom.css?body=1" for 10.0.2.2 at 2013-04-09 13:45:57 +0100
Served asset /custom.css - 304 Not Modified (25ms)


Started GET "/assets/jquery.js?body=1" for 10.0.2.2 at 2013-04-09 13:45:57 +0100
Served asset /jquery.js - 304 Not Modified (5ms)


Started GET "/assets/static_pages.css?body=1" for 10.0.2.2 at 2013-04-09 13:45:57 +0100
Served asset /static_pages.css - 304 Not Modified (10ms)


Started GET "/assets/static_pages.js?body=1" for 10.0.2.2 at 2013-04-09 13:45:58 +0100
Served asset /static_pages.js - 304 Not Modified (12ms)


Started GET "/assets/jquery_ujs.js?body=1" for 10.0.2.2 at 2013-04-09 13:45:58 +0100
Served asset /jquery_ujs.js - 304 Not Modified (2ms)


Started GET "/assets/application.js?body=1" for 10.0.2.2 at 2013-04-09 13:45:58 +0100
Served asset /application.js - 304 Not Modified (20ms)


Started GET "/contact" for 10.0.2.2 at 2013-04-09 13:46:01 +0100
Processing by StaticPagesController#contact as HTML
  Rendered static_pages/contact.html.erb within layouts/application (0.5ms)
  Rendered layouts/_shim.html.erb (0.1ms)
  Rendered layouts/_header.html.erb (0.7ms)
  Rendered layouts/_footer.html.erb (0.6ms)
Completed 200 OK in 290ms (Views: 289.4ms | ActiveRecord: 0.0ms)


Started GET "/assets/application.css?body=1" for 10.0.2.2 at 2013-04-09 13:46:02 +0100
Served asset /application.css - 304 Not Modified (35ms)


Started GET "/assets/custom.css?body=1" for 10.0.2.2 at 2013-04-09 13:46:02 +0100
Served asset /custom.css - 304 Not Modified (44ms)


Started GET "/assets/static_pages.css?body=1" for 10.0.2.2 at 2013-04-09 13:46:02 +0100
Served asset /static_pages.css - 304 Not Modified (16ms)


Started GET "/assets/jquery.js?body=1" for 10.0.2.2 at 2013-04-09 13:46:02 +0100
Served asset /jquery.js - 304 Not Modified (3ms)


Started GET "/assets/jquery_ujs.js?body=1" for 10.0.2.2 at 2013-04-09 13:46:02 +0100
Served asset /jquery_ujs.js - 304 Not Modified (2ms)


Started GET "/assets/static_pages.js?body=1" for 10.0.2.2 at 2013-04-09 13:46:02 +0100
Served asset /static_pages.js - 304 Not Modified (18ms)


Started GET "/assets/application.js?body=1" for 10.0.2.2 at 2013-04-09 13:46:02 +0100
Served asset /application.js - 304 Not Modified (32ms)


Started GET "/" for 10.0.2.2 at 2013-04-09 13:46:08 +0100
Processing by StaticPagesController#home as HTML
  Rendered static_pages/home.html.erb within layouts/application (0.4ms)
  Rendered layouts/_shim.html.erb (0.1ms)
  Rendered layouts/_header.html.erb (0.9ms)
  Rendered layouts/_footer.html.erb (0.5ms)
Completed 200 OK in 299ms (Views: 298.6ms | ActiveRecord: 0.0ms)


Started GET "/assets/application.css?body=1" for 10.0.2.2 at 2013-04-09 13:46:08 +0100
Served asset /application.css - 304 Not Modified (50ms)


Started GET "/assets/jquery.js?body=1" for 10.0.2.2 at 2013-04-09 13:46:08 +0100
Served asset /jquery.js - 304 Not Modified (2ms)


Started GET "/assets/static_pages.css?body=1" for 10.0.2.2 at 2013-04-09 13:46:09 +0100
Served asset /static_pages.css - 304 Not Modified (7ms)


Started GET "/assets/jquery_ujs.js?body=1" for 10.0.2.2 at 2013-04-09 13:46:09 +0100
Served asset /jquery_ujs.js - 304 Not Modified (1ms)


Started GET "/assets/custom.css?body=1" for 10.0.2.2 at 2013-04-09 13:46:09 +0100
Served asset /custom.css - 304 Not Modified (46ms)


Started GET "/assets/static_pages.js?body=1" for 10.0.2.2 at 2013-04-09 13:46:09 +0100
Served asset /static_pages.js - 304 Not Modified (11ms)


Started GET "/assets/application.js?body=1" for 10.0.2.2 at 2013-04-09 13:46:09 +0100
Served asset /application.js - 304 Not Modified (26ms)


Started GET "/assets/rails.png" for 10.0.2.2 at 2013-04-09 13:46:09 +0100
Served asset /rails.png - 304 Not Modified (7ms)


Started GET "/help" for 10.0.2.2 at 2013-04-09 13:46:17 +0100
Processing by StaticPagesController#help as HTML
  Rendered static_pages/help.html.erb within layouts/application (0.6ms)
  Rendered layouts/_shim.html.erb (0.0ms)
  Rendered layouts/_header.html.erb (0.9ms)
  Rendered layouts/_footer.html.erb (0.5ms)
Completed 200 OK in 285ms (Views: 284.7ms | ActiveRecord: 0.0ms)


Started GET "/assets/application.css?body=1" for 10.0.2.2 at 2013-04-09 13:46:17 +0100
Served asset /application.css - 304 Not Modified (39ms)


Started GET "/assets/static_pages.css?body=1" for 10.0.2.2 at 2013-04-09 13:46:17 +0100
Served asset /static_pages.css - 304 Not Modified (13ms)


Started GET "/assets/jquery_ujs.js?body=1" for 10.0.2.2 at 2013-04-09 13:46:18 +0100
Served asset /jquery_ujs.js - 304 Not Modified (2ms)


Started GET "/assets/static_pages.js?body=1" for 10.0.2.2 at 2013-04-09 13:46:18 +0100
Served asset /static_pages.js - 304 Not Modified (11ms)


Started GET "/assets/jquery.js?body=1" for 10.0.2.2 at 2013-04-09 13:46:18 +0100
Served asset /jquery.js - 304 Not Modified (9ms)


Started GET "/assets/custom.css?body=1" for 10.0.2.2 at 2013-04-09 13:46:18 +0100
Served asset /custom.css - 304 Not Modified (16ms)


Started GET "/assets/application.js?body=1" for 10.0.2.2 at 2013-04-09 13:46:18 +0100
Served asset /application.js - 304 Not Modified (23ms)


Started GET "/" for 10.0.2.2 at 2013-04-09 13:51:04 +0100
Connecting to database specified by database.yml
Processing by StaticPagesController#home as HTML
  Rendered static_pages/home.html.erb within layouts/application (13.6ms)
  Rendered layouts/_shim.html.erb (0.5ms)
  Rendered layouts/_header.html.erb (1.6ms)
  Rendered layouts/_footer.html.erb (1.2ms)
Completed 200 OK in 576ms (Views: 575.5ms | ActiveRecord: 0.0ms)


Started GET "/assets/application.css?body=1" for 10.0.2.2 at 2013-04-09 13:51:07 +0100
Served asset /application.css - 304 Not Modified (84ms)


Started GET "/assets/static_pages.css?body=1" for 10.0.2.2 at 2013-04-09 13:51:07 +0100
Served asset /static_pages.css - 304 Not Modified (43ms)


Started GET "/assets/custom.css?body=1" for 10.0.2.2 at 2013-04-09 13:51:07 +0100
Served asset /custom.css - 304 Not Modified (45ms)


Started GET "/assets/jquery_ujs.js?body=1" for 10.0.2.2 at 2013-04-09 13:51:07 +0100
Served asset /jquery_ujs.js - 304 Not Modified (27ms)


Started GET "/assets/static_pages.js?body=1" for 10.0.2.2 at 2013-04-09 13:51:07 +0100
Served asset /static_pages.js - 304 Not Modified (23ms)


Started GET "/assets/jquery.js?body=1" for 10.0.2.2 at 2013-04-09 13:51:07 +0100
Served asset /jquery.js - 304 Not Modified (34ms)


Started GET "/assets/application.js?body=1" for 10.0.2.2 at 2013-04-09 13:51:08 +0100
Served asset /application.js - 304 Not Modified (74ms)


Started GET "/assets/rails.png" for 10.0.2.2 at 2013-04-09 13:51:08 +0100
Served asset /rails.png - 304 Not Modified (15ms)
Connecting to database specified by database.yml
